<?xml version="1.0" encoding="UTF-8"?>
<!-- Generated by org.testng.reporters.JUnitReportReporter -->
<testsuite hostname="CLLAP-CHN-0876" failures="0" tests="3" name="com.fdp.selenium.legacy.DataProviderParallelTest" time="19.521" errors="0" timestamp="2022-01-09T15:59:57 IST" skipped="0">
  <testcase classname="com.fdp.selenium.legacy.DataProviderParallelTest" name="tc001" time="6.053"/>
  <system-out/>
  <testcase classname="com.fdp.selenium.legacy.DataProviderParallelTest" name="tc001" time="4.898"/>
  <system-out/>
  <testcase classname="com.fdp.selenium.legacy.DataProviderParallelTest" name="tc001" time="8.570"/>
  <system-out/>
</testsuite> <!-- com.fdp.selenium.legacy.DataProviderParallelTest -->
